<?xml version="1.0" encoding="UTF-8"?>
<testsuite xmlns:xsi="http://www.w3.org/2001/XMLSchema-instance" xsi:noNamespaceSchemaLocation="https://maven.apache.org/surefire/maven-surefire-plugin/xsd/surefire-test-report-3.0.xsd" version="3.0" name="com.automation.runner.TestRunner" time="47.513" tests="1" errors="0" skipped="0" failures="0">
  <properties>
    <property name="java.specification.version" value="17"/>
    <property name="sun.cpu.isalist" value="amd64"/>
    <property name="sun.jnu.encoding" value="Cp1252"/>
    <property name="java.class.path" value="C:\Users\mvssr\LakshimSelenium\AutomationTesting 2 3\target\test-classes;C:\Users\mvssr\LakshimSelenium\AutomationTesting 2 3\target\classes;C:\Users\mvssr\.m2\repository\junit\junit\4.11\junit-4.11.jar;C:\Users\mvssr\.m2\repository\org\hamcrest\hamcrest-core\1.3\hamcrest-core-1.3.jar;C:\Users\mvssr\.m2\repository\io\appium\java-client\7.3.0\java-client-7.3.0.jar;C:\Users\mvssr\.m2\repository\org\seleniumhq\selenium\selenium-support\3.141.59\selenium-support-3.141.59.jar;C:\Users\mvssr\.m2\repository\org\seleniumhq\selenium\selenium-api\3.141.59\selenium-api-3.141.59.jar;C:\Users\mvssr\.m2\repository\com\google\code\gson\gson\2.8.5\gson-2.8.5.jar;C:\Users\mvssr\.m2\repository\org\apache\httpcomponents\httpclient\4.5.9\httpclient-4.5.9.jar;C:\Users\mvssr\.m2\repository\org\apache\httpcomponents\httpcore\4.4.11\httpcore-4.4.11.jar;C:\Users\mvssr\.m2\repository\cglib\cglib\3.2.12\cglib-3.2.12.jar;C:\Users\mvssr\.m2\repository\org\ow2\asm\asm\7.1\asm-7.1.jar;C:\Users\mvssr\.m2\repository\commons-validator\commons-validator\1.6\commons-validator-1.6.jar;C:\Users\mvssr\.m2\repository\commons-beanutils\commons-beanutils\1.9.2\commons-beanutils-1.9.2.jar;C:\Users\mvssr\.m2\repository\commons-digester\commons-digester\1.8.1\commons-digester-1.8.1.jar;C:\Users\mvssr\.m2\repository\org\apache\commons\commons-lang3\3.9\commons-lang3-3.9.jar;C:\Users\mvssr\.m2\repository\commons-io\commons-io\2.6\commons-io-2.6.jar;C:\Users\mvssr\.m2\repository\org\springframework\spring-context\5.1.8.RELEASE\spring-context-5.1.8.RELEASE.jar;C:\Users\mvssr\.m2\repository\org\springframework\spring-aop\5.1.8.RELEASE\spring-aop-5.1.8.RELEASE.jar;C:\Users\mvssr\.m2\repository\org\springframework\spring-beans\5.1.8.RELEASE\spring-beans-5.1.8.RELEASE.jar;C:\Users\mvssr\.m2\repository\org\springframework\spring-core\5.1.8.RELEASE\spring-core-5.1.8.RELEASE.jar;C:\Users\mvssr\.m2\repository\org\springframework\spring-jcl\5.1.8.RELEASE\spring-jcl-5.1.8.RELEASE.jar;C:\Users\mvssr\.m2\repository\org\springframework\spring-expression\5.1.8.RELEASE\spring-expression-5.1.8.RELEASE.jar;C:\Users\mvssr\.m2\repository\org\aspectj\aspectjweaver\1.9.4\aspectjweaver-1.9.4.jar;C:\Users\mvssr\.m2\repository\org\seleniumhq\selenium\selenium-java\3.141.59\selenium-java-3.141.59.jar;C:\Users\mvssr\.m2\repository\org\seleniumhq\selenium\selenium-chrome-driver\3.141.59\selenium-chrome-driver-3.141.59.jar;C:\Users\mvssr\.m2\repository\org\seleniumhq\selenium\selenium-edge-driver\3.141.59\selenium-edge-driver-3.141.59.jar;C:\Users\mvssr\.m2\repository\org\seleniumhq\selenium\selenium-firefox-driver\3.141.59\selenium-firefox-driver-3.141.59.jar;C:\Users\mvssr\.m2\repository\org\seleniumhq\selenium\selenium-ie-driver\3.141.59\selenium-ie-driver-3.141.59.jar;C:\Users\mvssr\.m2\repository\org\seleniumhq\selenium\selenium-opera-driver\3.141.59\selenium-opera-driver-3.141.59.jar;C:\Users\mvssr\.m2\repository\org\seleniumhq\selenium\selenium-remote-driver\3.141.59\selenium-remote-driver-3.141.59.jar;C:\Users\mvssr\.m2\repository\org\seleniumhq\selenium\selenium-safari-driver\3.141.59\selenium-safari-driver-3.141.59.jar;C:\Users\mvssr\.m2\repository\net\bytebuddy\byte-buddy\1.8.15\byte-buddy-1.8.15.jar;C:\Users\mvssr\.m2\repository\org\apache\commons\commons-exec\1.3\commons-exec-1.3.jar;C:\Users\mvssr\.m2\repository\com\google\guava\guava\25.0-jre\guava-25.0-jre.jar;C:\Users\mvssr\.m2\repository\com\google\code\findbugs\jsr305\1.3.9\jsr305-1.3.9.jar;C:\Users\mvssr\.m2\repository\org\checkerframework\checker-compat-qual\2.0.0\checker-compat-qual-2.0.0.jar;C:\Users\mvssr\.m2\repository\com\google\errorprone\error_prone_annotations\2.1.3\error_prone_annotations-2.1.3.jar;C:\Users\mvssr\.m2\repository\com\google\j2objc\j2objc-annotations\1.1\j2objc-annotations-1.1.jar;C:\Users\mvssr\.m2\repository\org\codehaus\mojo\animal-sniffer-annotations\1.14\animal-sniffer-annotations-1.14.jar;C:\Users\mvssr\.m2\repository\com\squareup\okhttp3\okhttp\3.11.0\okhttp-3.11.0.jar;C:\Users\mvssr\.m2\repository\com\squareup\okio\okio\1.14.0\okio-1.14.0.jar;C:\Users\mvssr\.m2\repository\net\sourceforge\htmlunit\htmlunit\2.19\htmlunit-2.19.jar;C:\Users\mvssr\.m2\repository\xalan\xalan\2.7.2\xalan-2.7.2.jar;C:\Users\mvssr\.m2\repository\xalan\serializer\2.7.2\serializer-2.7.2.jar;C:\Users\mvssr\.m2\repository\commons-collections\commons-collections\3.2.1\commons-collections-3.2.1.jar;C:\Users\mvssr\.m2\repository\org\apache\httpcomponents\httpmime\4.5.1\httpmime-4.5.1.jar;C:\Users\mvssr\.m2\repository\commons-codec\commons-codec\1.10\commons-codec-1.10.jar;C:\Users\mvssr\.m2\repository\net\sourceforge\htmlunit\htmlunit-core-js\2.17\htmlunit-core-js-2.17.jar;C:\Users\mvssr\.m2\repository\xerces\xercesImpl\2.11.0\xercesImpl-2.11.0.jar;C:\Users\mvssr\.m2\repository\xml-apis\xml-apis\1.4.01\xml-apis-1.4.01.jar;C:\Users\mvssr\.m2\repository\net\sourceforge\nekohtml\nekohtml\1.9.22\nekohtml-1.9.22.jar;C:\Users\mvssr\.m2\repository\net\sourceforge\cssparser\cssparser\0.9.18\cssparser-0.9.18.jar;C:\Users\mvssr\.m2\repository\org\w3c\css\sac\1.3\sac-1.3.jar;C:\Users\mvssr\.m2\repository\commons-logging\commons-logging\1.2\commons-logging-1.2.jar;C:\Users\mvssr\.m2\repository\org\eclipse\jetty\websocket\websocket-client\9.2.13.v20150730\websocket-client-9.2.13.v20150730.jar;C:\Users\mvssr\.m2\repository\org\eclipse\jetty\jetty-util\9.2.13.v20150730\jetty-util-9.2.13.v20150730.jar;C:\Users\mvssr\.m2\repository\org\eclipse\jetty\jetty-io\9.2.13.v20150730\jetty-io-9.2.13.v20150730.jar;C:\Users\mvssr\.m2\repository\org\eclipse\jetty\websocket\websocket-common\9.2.13.v20150730\websocket-common-9.2.13.v20150730.jar;C:\Users\mvssr\.m2\repository\org\eclipse\jetty\websocket\websocket-api\9.2.13.v20150730\websocket-api-9.2.13.v20150730.jar;C:\Users\mvssr\.m2\repository\io\cucumber\cucumber-junit\3.0.1\cucumber-junit-3.0.1.jar;C:\Users\mvssr\.m2\repository\io\cucumber\cucumber-core\3.0.1\cucumber-core-3.0.1.jar;C:\Users\mvssr\.m2\repository\io\cucumber\cucumber-html\0.2.7\cucumber-html-0.2.7.jar;C:\Users\mvssr\.m2\repository\io\cucumber\gherkin\5.0.0\gherkin-5.0.0.jar;C:\Users\mvssr\.m2\repository\io\cucumber\tag-expressions\1.1.1\tag-expressions-1.1.1.jar;C:\Users\mvssr\.m2\repository\io\cucumber\cucumber-expressions\5.0.18\cucumber-expressions-5.0.18.jar;C:\Users\mvssr\.m2\repository\io\cucumber\datatable\1.0.3\datatable-1.0.3.jar;C:\Users\mvssr\.m2\repository\io\cucumber\datatable-dependencies\1.0.3\datatable-dependencies-1.0.3.jar;C:\Users\mvssr\.m2\repository\io\cucumber\cucumber-java\3.0.1\cucumber-java-3.0.1.jar;C:\Users\mvssr\.m2\repository\org\apache\poi\poi\3.15\poi-3.15.jar;C:\Users\mvssr\.m2\repository\org\apache\commons\commons-collections4\4.1\commons-collections4-4.1.jar;C:\Users\mvssr\.m2\repository\org\apache\poi\poi-ooxml\3.15\poi-ooxml-3.15.jar;C:\Users\mvssr\.m2\repository\org\apache\poi\poi-ooxml-schemas\3.15\poi-ooxml-schemas-3.15.jar;C:\Users\mvssr\.m2\repository\org\apache\xmlbeans\xmlbeans\2.6.0\xmlbeans-2.6.0.jar;C:\Users\mvssr\.m2\repository\stax\stax-api\1.0.1\stax-api-1.0.1.jar;C:\Users\mvssr\.m2\repository\com\github\virtuald\curvesapi\1.04\curvesapi-1.04.jar;C:\Users\mvssr\.m2\repository\org\json\json\20160810\json-20160810.jar;C:\Users\mvssr\.m2\repository\log4j\log4j\1.2.17\log4j-1.2.17.jar;C:\Users\mvssr\.m2\repository\org\slf4j\slf4j-api\1.7.24\slf4j-api-1.7.24.jar;C:\Users\mvssr\.m2\repository\org\slf4j\slf4j-log4j12\1.7.24\slf4j-log4j12-1.7.24.jar;C:\Users\mvssr\.m2\repository\org\glassfish\jersey\media\jersey-media-json-jackson\2.8\jersey-media-json-jackson-2.8.jar;C:\Users\mvssr\.m2\repository\org\glassfish\jersey\core\jersey-common\2.8\jersey-common-2.8.jar;C:\Users\mvssr\.m2\repository\javax\annotation\javax.annotation-api\1.2\javax.annotation-api-1.2.jar;C:\Users\mvssr\.m2\repository\org\glassfish\jersey\bundles\repackaged\jersey-guava\2.8\jersey-guava-2.8.jar;C:\Users\mvssr\.m2\repository\org\glassfish\hk2\osgi-resource-locator\1.0.1\osgi-resource-locator-1.0.1.jar;C:\Users\mvssr\.m2\repository\org\codehaus\jackson\jackson-core-asl\1.9.13\jackson-core-asl-1.9.13.jar;C:\Users\mvssr\.m2\repository\org\codehaus\jackson\jackson-mapper-asl\1.9.13\jackson-mapper-asl-1.9.13.jar;C:\Users\mvssr\.m2\repository\org\codehaus\jackson\jackson-jaxrs\1.9.13\jackson-jaxrs-1.9.13.jar;C:\Users\mvssr\.m2\repository\org\codehaus\jackson\jackson-xc\1.9.13\jackson-xc-1.9.13.jar;C:\Users\mvssr\.m2\repository\org\glassfish\jersey\core\jersey-client\2.8\jersey-client-2.8.jar;C:\Users\mvssr\.m2\repository\javax\ws\rs\javax.ws.rs-api\2.0\javax.ws.rs-api-2.0.jar;C:\Users\mvssr\.m2\repository\org\glassfish\hk2\hk2-api\2.2.0\hk2-api-2.2.0.jar;C:\Users\mvssr\.m2\repository\org\glassfish\hk2\hk2-utils\2.2.0\hk2-utils-2.2.0.jar;C:\Users\mvssr\.m2\repository\org\glassfish\hk2\external\aopalliance-repackaged\2.2.0\aopalliance-repackaged-2.2.0.jar;C:\Users\mvssr\.m2\repository\org\glassfish\hk2\external\javax.inject\2.2.0\javax.inject-2.2.0.jar;C:\Users\mvssr\.m2\repository\org\glassfish\hk2\hk2-locator\2.2.0\hk2-locator-2.2.0.jar;C:\Users\mvssr\.m2\repository\org\javassist\javassist\3.18.1-GA\javassist-3.18.1-GA.jar;C:\Users\mvssr\.m2\repository\com\github\mkolisnyk\cucumber-reports\0.0.11\cucumber-reports-0.0.11.jar;C:\Users\mvssr\.m2\repository\com\cedarsoftware\json-io\2.2.31\json-io-2.2.31.jar;C:\Users\mvssr\.m2\repository\info\cukes\cucumber-picocontainer\1.2.2\cucumber-picocontainer-1.2.2.jar;C:\Users\mvssr\.m2\repository\info\cukes\cucumber-java\1.2.2\cucumber-java-1.2.2.jar;C:\Users\mvssr\.m2\repository\info\cukes\cucumber-jvm-deps\1.0.3\cucumber-jvm-deps-1.0.3.jar;C:\Users\mvssr\.m2\repository\info\cukes\gherkin\2.12.2\gherkin-2.12.2.jar;C:\Users\mvssr\.m2\repository\org\picocontainer\picocontainer\2.15\picocontainer-2.15.jar;C:\Users\mvssr\.m2\repository\info\cukes\cucumber-junit\1.2.2\cucumber-junit-1.2.2.jar;C:\Users\mvssr\.m2\repository\info\cukes\cucumber-core\1.2.2\cucumber-core-1.2.2.jar;C:\Users\mvssr\.m2\repository\info\cukes\cucumber-html\0.2.3\cucumber-html-0.2.3.jar;C:\Users\mvssr\.m2\repository\org\xhtmlrenderer\flying-saucer-pdf\9.0.7\flying-saucer-pdf-9.0.7.jar;C:\Users\mvssr\.m2\repository\com\lowagie\itext\2.1.7\itext-2.1.7.jar;C:\Users\mvssr\.m2\repository\bouncycastle\bcmail-jdk14\138\bcmail-jdk14-138.jar;C:\Users\mvssr\.m2\repository\bouncycastle\bcprov-jdk14\138\bcprov-jdk14-138.jar;C:\Users\mvssr\.m2\repository\org\bouncycastle\bctsp-jdk14\1.38\bctsp-jdk14-1.38.jar;C:\Users\mvssr\.m2\repository\org\xhtmlrenderer\flying-saucer-core\9.0.7\flying-saucer-core-9.0.7.jar;C:\Users\mvssr\.m2\repository\org\codehaus\plexus\plexus-utils\3.0.1\plexus-utils-3.0.1.jar;C:\Users\mvssr\.m2\repository\org\apache\maven\maven-plugin-api\2.0\maven-plugin-api-2.0.jar;C:\Users\mvssr\.m2\repository\org\apache\maven\reporting\maven-reporting-api\2.0.8\maven-reporting-api-2.0.8.jar;C:\Users\mvssr\.m2\repository\org\apache\maven\doxia\doxia-sink-api\1.0-alpha-9\doxia-sink-api-1.0-alpha-9.jar;C:\Users\mvssr\.m2\repository\org\apache\maven\reporting\maven-reporting-impl\2.0.4.3\maven-reporting-impl-2.0.4.3.jar;C:\Users\mvssr\.m2\repository\org\apache\maven\maven-project\2.0.4\maven-project-2.0.4.jar;C:\Users\mvssr\.m2\repository\org\apache\maven\maven-settings\2.0.4\maven-settings-2.0.4.jar;C:\Users\mvssr\.m2\repository\org\apache\maven\maven-profile\2.0.4\maven-profile-2.0.4.jar;C:\Users\mvssr\.m2\repository\org\apache\maven\maven-model\2.0.4\maven-model-2.0.4.jar;C:\Users\mvssr\.m2\repository\org\apache\maven\maven-artifact-manager\2.0.4\maven-artifact-manager-2.0.4.jar;C:\Users\mvssr\.m2\repository\org\apache\maven\maven-repository-metadata\2.0.4\maven-repository-metadata-2.0.4.jar;C:\Users\mvssr\.m2\repository\org\apache\maven\wagon\wagon-provider-api\1.0-alpha-6\wagon-provider-api-1.0-alpha-6.jar;C:\Users\mvssr\.m2\repository\org\apache\maven\maven-artifact\2.0.4\maven-artifact-2.0.4.jar;C:\Users\mvssr\.m2\repository\org\codehaus\plexus\plexus-container-default\1.0-alpha-9\plexus-container-default-1.0-alpha-9.jar;C:\Users\mvssr\.m2\repository\classworlds\classworlds\1.1-alpha-2\classworlds-1.1-alpha-2.jar;C:\Users\mvssr\.m2\repository\org\apache\maven\doxia\doxia-core\1.0\doxia-core-1.0.jar;C:\Users\mvssr\.m2\repository\org\apache\maven\doxia\doxia-site-renderer\1.0\doxia-site-renderer-1.0.jar;C:\Users\mvssr\.m2\repository\org\codehaus\plexus\plexus-i18n\1.0-beta-7\plexus-i18n-1.0-beta-7.jar;C:\Users\mvssr\.m2\repository\org\codehaus\plexus\plexus-velocity\1.1.7\plexus-velocity-1.1.7.jar;C:\Users\mvssr\.m2\repository\org\apache\velocity\velocity\1.5\velocity-1.5.jar;C:\Users\mvssr\.m2\repository\commons-lang\commons-lang\2.1\commons-lang-2.1.jar;C:\Users\mvssr\.m2\repository\oro\oro\2.0.8\oro-2.0.8.jar;C:\Users\mvssr\.m2\repository\org\apache\maven\doxia\doxia-decoration-model\1.0\doxia-decoration-model-1.0.jar;C:\Users\mvssr\.m2\repository\org\apache\maven\doxia\doxia-module-apt\1.0\doxia-module-apt-1.0.jar;C:\Users\mvssr\.m2\repository\org\apache\maven\doxia\doxia-module-fml\1.0\doxia-module-fml-1.0.jar;C:\Users\mvssr\.m2\repository\org\apache\maven\doxia\doxia-module-xdoc\1.0\doxia-module-xdoc-1.0.jar;C:\Users\mvssr\.m2\repository\org\apache\maven\doxia\doxia-module-xhtml\1.0\doxia-module-xhtml-1.0.jar;C:\Users\mvssr\.m2\repository\org\apache\maven\shared\maven-doxia-tools\1.0.2\maven-doxia-tools-1.0.2.jar;C:\Users\mvssr\.m2\repository\com\relevantcodes\extentreports\2.41.2\extentreports-2.41.2.jar;C:\Users\mvssr\.m2\repository\org\jsoup\jsoup\1.8.3\jsoup-1.8.3.jar;C:\Users\mvssr\.m2\repository\org\xerial\sqlite-jdbc\3.8.11.1\sqlite-jdbc-3.8.11.1.jar;C:\Users\mvssr\.m2\repository\org\freemarker\freemarker\2.3.23\freemarker-2.3.23.jar;C:\Users\mvssr\.m2\repository\org\mongodb\mongodb-driver\3.0.4\mongodb-driver-3.0.4.jar;C:\Users\mvssr\.m2\repository\org\mongodb\bson\3.0.4\bson-3.0.4.jar;C:\Users\mvssr\.m2\repository\org\mongodb\mongodb-driver-core\3.0.4\mongodb-driver-core-3.0.4.jar;C:\Users\mvssr\.m2\repository\ru\yandex\qatools\ashot\ashot\1.5.2\ashot-1.5.2.jar;C:\Users\mvssr\.m2\repository\org\hamcrest\hamcrest-all\1.3\hamcrest-all-1.3.jar;C:\Users\mvssr\.m2\repository\com\googlecode\lambdaj\lambdaj\2.3.3\lambdaj-2.3.3.jar;C:\Users\mvssr\.m2\repository\org\objenesis\objenesis\1.2\objenesis-1.2.jar;C:\Users\mvssr\.m2\repository\cglib\cglib-nodep\2.2\cglib-nodep-2.2.jar;"/>
    <property name="java.vm.vendor" value="Oracle Corporation"/>
    <property name="sun.arch.data.model" value="64"/>
    <property name="user.variant" value=""/>
    <property name="java.vendor.url" value="https://java.oracle.com/"/>
    <property name="user.timezone" value="America/Phoenix"/>
    <property name="os.name" value="Windows 11"/>
    <property name="java.vm.specification.version" value="17"/>
    <property name="sun.java.launcher" value="SUN_STANDARD"/>
    <property name="user.country" value="US"/>
    <property name="sun.boot.library.path" value="C:\Program Files\Java\jdk-17\bin"/>
    <property name="sun.java.command" value="C:\Users\mvssr\AppData\Local\Temp\surefire1380704195767818705\surefirebooter-20231001220452377_3.jar C:\Users\mvssr\AppData\Local\Temp\surefire1380704195767818705 2023-10-01T22-04-52_011-jvmRun1 surefire-20231001220452377_1tmp surefire_0-20231001220452377_2tmp"/>
    <property name="jdk.debug" value="release"/>
    <property name="surefire.test.class.path" value="C:\Users\mvssr\LakshimSelenium\AutomationTesting 2 3\target\test-classes;C:\Users\mvssr\LakshimSelenium\AutomationTesting 2 3\target\classes;C:\Users\mvssr\.m2\repository\junit\junit\4.11\junit-4.11.jar;C:\Users\mvssr\.m2\repository\org\hamcrest\hamcrest-core\1.3\hamcrest-core-1.3.jar;C:\Users\mvssr\.m2\repository\io\appium\java-client\7.3.0\java-client-7.3.0.jar;C:\Users\mvssr\.m2\repository\org\seleniumhq\selenium\selenium-support\3.141.59\selenium-support-3.141.59.jar;C:\Users\mvssr\.m2\repository\org\seleniumhq\selenium\selenium-api\3.141.59\selenium-api-3.141.59.jar;C:\Users\mvssr\.m2\repository\com\google\code\gson\gson\2.8.5\gson-2.8.5.jar;C:\Users\mvssr\.m2\repository\org\apache\httpcomponents\httpclient\4.5.9\httpclient-4.5.9.jar;C:\Users\mvssr\.m2\repository\org\apache\httpcomponents\httpcore\4.4.11\httpcore-4.4.11.jar;C:\Users\mvssr\.m2\repository\cglib\cglib\3.2.12\cglib-3.2.12.jar;C:\Users\mvssr\.m2\repository\org\ow2\asm\asm\7.1\asm-7.1.jar;C:\Users\mvssr\.m2\repository\commons-validator\commons-validator\1.6\commons-validator-1.6.jar;C:\Users\mvssr\.m2\repository\commons-beanutils\commons-beanutils\1.9.2\commons-beanutils-1.9.2.jar;C:\Users\mvssr\.m2\repository\commons-digester\commons-digester\1.8.1\commons-digester-1.8.1.jar;C:\Users\mvssr\.m2\repository\org\apache\commons\commons-lang3\3.9\commons-lang3-3.9.jar;C:\Users\mvssr\.m2\repository\commons-io\commons-io\2.6\commons-io-2.6.jar;C:\Users\mvssr\.m2\repository\org\springframework\spring-context\5.1.8.RELEASE\spring-context-5.1.8.RELEASE.jar;C:\Users\mvssr\.m2\repository\org\springframework\spring-aop\5.1.8.RELEASE\spring-aop-5.1.8.RELEASE.jar;C:\Users\mvssr\.m2\repository\org\springframework\spring-beans\5.1.8.RELEASE\spring-beans-5.1.8.RELEASE.jar;C:\Users\mvssr\.m2\repository\org\springframework\spring-core\5.1.8.RELEASE\spring-core-5.1.8.RELEASE.jar;C:\Users\mvssr\.m2\repository\org\springframework\spring-jcl\5.1.8.RELEASE\spring-jcl-5.1.8.RELEASE.jar;C:\Users\mvssr\.m2\repository\org\springframework\spring-expression\5.1.8.RELEASE\spring-expression-5.1.8.RELEASE.jar;C:\Users\mvssr\.m2\repository\org\aspectj\aspectjweaver\1.9.4\aspectjweaver-1.9.4.jar;C:\Users\mvssr\.m2\repository\org\seleniumhq\selenium\selenium-java\3.141.59\selenium-java-3.141.59.jar;C:\Users\mvssr\.m2\repository\org\seleniumhq\selenium\selenium-chrome-driver\3.141.59\selenium-chrome-driver-3.141.59.jar;C:\Users\mvssr\.m2\repository\org\seleniumhq\selenium\selenium-edge-driver\3.141.59\selenium-edge-driver-3.141.59.jar;C:\Users\mvssr\.m2\repository\org\seleniumhq\selenium\selenium-firefox-driver\3.141.59\selenium-firefox-driver-3.141.59.jar;C:\Users\mvssr\.m2\repository\org\seleniumhq\selenium\selenium-ie-driver\3.141.59\selenium-ie-driver-3.141.59.jar;C:\Users\mvssr\.m2\repository\org\seleniumhq\selenium\selenium-opera-driver\3.141.59\selenium-opera-driver-3.141.59.jar;C:\Users\mvssr\.m2\repository\org\seleniumhq\selenium\selenium-remote-driver\3.141.59\selenium-remote-driver-3.141.59.jar;C:\Users\mvssr\.m2\repository\org\seleniumhq\selenium\selenium-safari-driver\3.141.59\selenium-safari-driver-3.141.59.jar;C:\Users\mvssr\.m2\repository\net\bytebuddy\byte-buddy\1.8.15\byte-buddy-1.8.15.jar;C:\Users\mvssr\.m2\repository\org\apache\commons\commons-exec\1.3\commons-exec-1.3.jar;C:\Users\mvssr\.m2\repository\com\google\guava\guava\25.0-jre\guava-25.0-jre.jar;C:\Users\mvssr\.m2\repository\com\google\code\findbugs\jsr305\1.3.9\jsr305-1.3.9.jar;C:\Users\mvssr\.m2\repository\org\checkerframework\checker-compat-qual\2.0.0\checker-compat-qual-2.0.0.jar;C:\Users\mvssr\.m2\repository\com\google\errorprone\error_prone_annotations\2.1.3\error_prone_annotations-2.1.3.jar;C:\Users\mvssr\.m2\repository\com\google\j2objc\j2objc-annotations\1.1\j2objc-annotations-1.1.jar;C:\Users\mvssr\.m2\repository\org\codehaus\mojo\animal-sniffer-annotations\1.14\animal-sniffer-annotations-1.14.jar;C:\Users\mvssr\.m2\repository\com\squareup\okhttp3\okhttp\3.11.0\okhttp-3.11.0.jar;C:\Users\mvssr\.m2\repository\com\squareup\okio\okio\1.14.0\okio-1.14.0.jar;C:\Users\mvssr\.m2\repository\net\sourceforge\htmlunit\htmlunit\2.19\htmlunit-2.19.jar;C:\Users\mvssr\.m2\repository\xalan\xalan\2.7.2\xalan-2.7.2.jar;C:\Users\mvssr\.m2\repository\xalan\serializer\2.7.2\serializer-2.7.2.jar;C:\Users\mvssr\.m2\repository\commons-collections\commons-collections\3.2.1\commons-collections-3.2.1.jar;C:\Users\mvssr\.m2\repository\org\apache\httpcomponents\httpmime\4.5.1\httpmime-4.5.1.jar;C:\Users\mvssr\.m2\repository\commons-codec\commons-codec\1.10\commons-codec-1.10.jar;C:\Users\mvssr\.m2\repository\net\sourceforge\htmlunit\htmlunit-core-js\2.17\htmlunit-core-js-2.17.jar;C:\Users\mvssr\.m2\repository\xerces\xercesImpl\2.11.0\xercesImpl-2.11.0.jar;C:\Users\mvssr\.m2\repository\xml-apis\xml-apis\1.4.01\xml-apis-1.4.01.jar;C:\Users\mvssr\.m2\repository\net\sourceforge\nekohtml\nekohtml\1.9.22\nekohtml-1.9.22.jar;C:\Users\mvssr\.m2\repository\net\sourceforge\cssparser\cssparser\0.9.18\cssparser-0.9.18.jar;C:\Users\mvssr\.m2\repository\org\w3c\css\sac\1.3\sac-1.3.jar;C:\Users\mvssr\.m2\repository\commons-logging\commons-logging\1.2\commons-logging-1.2.jar;C:\Users\mvssr\.m2\repository\org\eclipse\jetty\websocket\websocket-client\9.2.13.v20150730\websocket-client-9.2.13.v20150730.jar;C:\Users\mvssr\.m2\repository\org\eclipse\jetty\jetty-util\9.2.13.v20150730\jetty-util-9.2.13.v20150730.jar;C:\Users\mvssr\.m2\repository\org\eclipse\jetty\jetty-io\9.2.13.v20150730\jetty-io-9.2.13.v20150730.jar;C:\Users\mvssr\.m2\repository\org\eclipse\jetty\websocket\websocket-common\9.2.13.v20150730\websocket-common-9.2.13.v20150730.jar;C:\Users\mvssr\.m2\repository\org\eclipse\jetty\websocket\websocket-api\9.2.13.v20150730\websocket-api-9.2.13.v20150730.jar;C:\Users\mvssr\.m2\repository\io\cucumber\cucumber-junit\3.0.1\cucumber-junit-3.0.1.jar;C:\Users\mvssr\.m2\repository\io\cucumber\cucumber-core\3.0.1\cucumber-core-3.0.1.jar;C:\Users\mvssr\.m2\repository\io\cucumber\cucumber-html\0.2.7\cucumber-html-0.2.7.jar;C:\Users\mvssr\.m2\repository\io\cucumber\gherkin\5.0.0\gherkin-5.0.0.jar;C:\Users\mvssr\.m2\repository\io\cucumber\tag-expressions\1.1.1\tag-expressions-1.1.1.jar;C:\Users\mvssr\.m2\repository\io\cucumber\cucumber-expressions\5.0.18\cucumber-expressions-5.0.18.jar;C:\Users\mvssr\.m2\repository\io\cucumber\datatable\1.0.3\datatable-1.0.3.jar;C:\Users\mvssr\.m2\repository\io\cucumber\datatable-dependencies\1.0.3\datatable-dependencies-1.0.3.jar;C:\Users\mvssr\.m2\repository\io\cucumber\cucumber-java\3.0.1\cucumber-java-3.0.1.jar;C:\Users\mvssr\.m2\repository\org\apache\poi\poi\3.15\poi-3.15.jar;C:\Users\mvssr\.m2\repository\org\apache\commons\commons-collections4\4.1\commons-collections4-4.1.jar;C:\Users\mvssr\.m2\repository\org\apache\poi\poi-ooxml\3.15\poi-ooxml-3.15.jar;C:\Users\mvssr\.m2\repository\org\apache\poi\poi-ooxml-schemas\3.15\poi-ooxml-schemas-3.15.jar;C:\Users\mvssr\.m2\repository\org\apache\xmlbeans\xmlbeans\2.6.0\xmlbeans-2.6.0.jar;C:\Users\mvssr\.m2\repository\stax\stax-api\1.0.1\stax-api-1.0.1.jar;C:\Users\mvssr\.m2\repository\com\github\virtuald\curvesapi\1.04\curvesapi-1.04.jar;C:\Users\mvssr\.m2\repository\org\json\json\20160810\json-20160810.jar;C:\Users\mvssr\.m2\repository\log4j\log4j\1.2.17\log4j-1.2.17.jar;C:\Users\mvssr\.m2\repository\org\slf4j\slf4j-api\1.7.24\slf4j-api-1.7.24.jar;C:\Users\mvssr\.m2\repository\org\slf4j\slf4j-log4j12\1.7.24\slf4j-log4j12-1.7.24.jar;C:\Users\mvssr\.m2\repository\org\glassfish\jersey\media\jersey-media-json-jackson\2.8\jersey-media-json-jackson-2.8.jar;C:\Users\mvssr\.m2\repository\org\glassfish\jersey\core\jersey-common\2.8\jersey-common-2.8.jar;C:\Users\mvssr\.m2\repository\javax\annotation\javax.annotation-api\1.2\javax.annotation-api-1.2.jar;C:\Users\mvssr\.m2\repository\org\glassfish\jersey\bundles\repackaged\jersey-guava\2.8\jersey-guava-2.8.jar;C:\Users\mvssr\.m2\repository\org\glassfish\hk2\osgi-resource-locator\1.0.1\osgi-resource-locator-1.0.1.jar;C:\Users\mvssr\.m2\repository\org\codehaus\jackson\jackson-core-asl\1.9.13\jackson-core-asl-1.9.13.jar;C:\Users\mvssr\.m2\repository\org\codehaus\jackson\jackson-mapper-asl\1.9.13\jackson-mapper-asl-1.9.13.jar;C:\Users\mvssr\.m2\repository\org\codehaus\jackson\jackson-jaxrs\1.9.13\jackson-jaxrs-1.9.13.jar;C:\Users\mvssr\.m2\repository\org\codehaus\jackson\jackson-xc\1.9.13\jackson-xc-1.9.13.jar;C:\Users\mvssr\.m2\repository\org\glassfish\jersey\core\jersey-client\2.8\jersey-client-2.8.jar;C:\Users\mvssr\.m2\repository\javax\ws\rs\javax.ws.rs-api\2.0\javax.ws.rs-api-2.0.jar;C:\Users\mvssr\.m2\repository\org\glassfish\hk2\hk2-api\2.2.0\hk2-api-2.2.0.jar;C:\Users\mvssr\.m2\repository\org\glassfish\hk2\hk2-utils\2.2.0\hk2-utils-2.2.0.jar;C:\Users\mvssr\.m2\repository\org\glassfish\hk2\external\aopalliance-repackaged\2.2.0\aopalliance-repackaged-2.2.0.jar;C:\Users\mvssr\.m2\repository\org\glassfish\hk2\external\javax.inject\2.2.0\javax.inject-2.2.0.jar;C:\Users\mvssr\.m2\repository\org\glassfish\hk2\hk2-locator\2.2.0\hk2-locator-2.2.0.jar;C:\Users\mvssr\.m2\repository\org\javassist\javassist\3.18.1-GA\javassist-3.18.1-GA.jar;C:\Users\mvssr\.m2\repository\com\github\mkolisnyk\cucumber-reports\0.0.11\cucumber-reports-0.0.11.jar;C:\Users\mvssr\.m2\repository\com\cedarsoftware\json-io\2.2.31\json-io-2.2.31.jar;C:\Users\mvssr\.m2\repository\info\cukes\cucumber-picocontainer\1.2.2\cucumber-picocontainer-1.2.2.jar;C:\Users\mvssr\.m2\repository\info\cukes\cucumber-java\1.2.2\cucumber-java-1.2.2.jar;C:\Users\mvssr\.m2\repository\info\cukes\cucumber-jvm-deps\1.0.3\cucumber-jvm-deps-1.0.3.jar;C:\Users\mvssr\.m2\repository\info\cukes\gherkin\2.12.2\gherkin-2.12.2.jar;C:\Users\mvssr\.m2\repository\org\picocontainer\picocontainer\2.15\picocontainer-2.15.jar;C:\Users\mvssr\.m2\repository\info\cukes\cucumber-junit\1.2.2\cucumber-junit-1.2.2.jar;C:\Users\mvssr\.m2\repository\info\cukes\cucumber-core\1.2.2\cucumber-core-1.2.2.jar;C:\Users\mvssr\.m2\repository\info\cukes\cucumber-html\0.2.3\cucumber-html-0.2.3.jar;C:\Users\mvssr\.m2\repository\org\xhtmlrenderer\flying-saucer-pdf\9.0.7\flying-saucer-pdf-9.0.7.jar;C:\Users\mvssr\.m2\repository\com\lowagie\itext\2.1.7\itext-2.1.7.jar;C:\Users\mvssr\.m2\repository\bouncycastle\bcmail-jdk14\138\bcmail-jdk14-138.jar;C:\Users\mvssr\.m2\repository\bouncycastle\bcprov-jdk14\138\bcprov-jdk14-138.jar;C:\Users\mvssr\.m2\repository\org\bouncycastle\bctsp-jdk14\1.38\bctsp-jdk14-1.38.jar;C:\Users\mvssr\.m2\repository\org\xhtmlrenderer\flying-saucer-core\9.0.7\flying-saucer-core-9.0.7.jar;C:\Users\mvssr\.m2\repository\org\codehaus\plexus\plexus-utils\3.0.1\plexus-utils-3.0.1.jar;C:\Users\mvssr\.m2\repository\org\apache\maven\maven-plugin-api\2.0\maven-plugin-api-2.0.jar;C:\Users\mvssr\.m2\repository\org\apache\maven\reporting\maven-reporting-api\2.0.8\maven-reporting-api-2.0.8.jar;C:\Users\mvssr\.m2\repository\org\apache\maven\doxia\doxia-sink-api\1.0-alpha-9\doxia-sink-api-1.0-alpha-9.jar;C:\Users\mvssr\.m2\repository\org\apache\maven\reporting\maven-reporting-impl\2.0.4.3\maven-reporting-impl-2.0.4.3.jar;C:\Users\mvssr\.m2\repository\org\apache\maven\maven-project\2.0.4\maven-project-2.0.4.jar;C:\Users\mvssr\.m2\repository\org\apache\maven\maven-settings\2.0.4\maven-settings-2.0.4.jar;C:\Users\mvssr\.m2\repository\org\apache\maven\maven-profile\2.0.4\maven-profile-2.0.4.jar;C:\Users\mvssr\.m2\repository\org\apache\maven\maven-model\2.0.4\maven-model-2.0.4.jar;C:\Users\mvssr\.m2\repository\org\apache\maven\maven-artifact-manager\2.0.4\maven-artifact-manager-2.0.4.jar;C:\Users\mvssr\.m2\repository\org\apache\maven\maven-repository-metadata\2.0.4\maven-repository-metadata-2.0.4.jar;C:\Users\mvssr\.m2\repository\org\apache\maven\wagon\wagon-provider-api\1.0-alpha-6\wagon-provider-api-1.0-alpha-6.jar;C:\Users\mvssr\.m2\repository\org\apache\maven\maven-artifact\2.0.4\maven-artifact-2.0.4.jar;C:\Users\mvssr\.m2\repository\org\codehaus\plexus\plexus-container-default\1.0-alpha-9\plexus-container-default-1.0-alpha-9.jar;C:\Users\mvssr\.m2\repository\classworlds\classworlds\1.1-alpha-2\classworlds-1.1-alpha-2.jar;C:\Users\mvssr\.m2\repository\org\apache\maven\doxia\doxia-core\1.0\doxia-core-1.0.jar;C:\Users\mvssr\.m2\repository\org\apache\maven\doxia\doxia-site-renderer\1.0\doxia-site-renderer-1.0.jar;C:\Users\mvssr\.m2\repository\org\codehaus\plexus\plexus-i18n\1.0-beta-7\plexus-i18n-1.0-beta-7.jar;C:\Users\mvssr\.m2\repository\org\codehaus\plexus\plexus-velocity\1.1.7\plexus-velocity-1.1.7.jar;C:\Users\mvssr\.m2\repository\org\apache\velocity\velocity\1.5\velocity-1.5.jar;C:\Users\mvssr\.m2\repository\commons-lang\commons-lang\2.1\commons-lang-2.1.jar;C:\Users\mvssr\.m2\repository\oro\oro\2.0.8\oro-2.0.8.jar;C:\Users\mvssr\.m2\repository\org\apache\maven\doxia\doxia-decoration-model\1.0\doxia-decoration-model-1.0.jar;C:\Users\mvssr\.m2\repository\org\apache\maven\doxia\doxia-module-apt\1.0\doxia-module-apt-1.0.jar;C:\Users\mvssr\.m2\repository\org\apache\maven\doxia\doxia-module-fml\1.0\doxia-module-fml-1.0.jar;C:\Users\mvssr\.m2\repository\org\apache\maven\doxia\doxia-module-xdoc\1.0\doxia-module-xdoc-1.0.jar;C:\Users\mvssr\.m2\repository\org\apache\maven\doxia\doxia-module-xhtml\1.0\doxia-module-xhtml-1.0.jar;C:\Users\mvssr\.m2\repository\org\apache\maven\shared\maven-doxia-tools\1.0.2\maven-doxia-tools-1.0.2.jar;C:\Users\mvssr\.m2\repository\com\relevantcodes\extentreports\2.41.2\extentreports-2.41.2.jar;C:\Users\mvssr\.m2\repository\org\jsoup\jsoup\1.8.3\jsoup-1.8.3.jar;C:\Users\mvssr\.m2\repository\org\xerial\sqlite-jdbc\3.8.11.1\sqlite-jdbc-3.8.11.1.jar;C:\Users\mvssr\.m2\repository\org\freemarker\freemarker\2.3.23\freemarker-2.3.23.jar;C:\Users\mvssr\.m2\repository\org\mongodb\mongodb-driver\3.0.4\mongodb-driver-3.0.4.jar;C:\Users\mvssr\.m2\repository\org\mongodb\bson\3.0.4\bson-3.0.4.jar;C:\Users\mvssr\.m2\repository\org\mongodb\mongodb-driver-core\3.0.4\mongodb-driver-core-3.0.4.jar;C:\Users\mvssr\.m2\repository\ru\yandex\qatools\ashot\ashot\1.5.2\ashot-1.5.2.jar;C:\Users\mvssr\.m2\repository\org\hamcrest\hamcrest-all\1.3\hamcrest-all-1.3.jar;C:\Users\mvssr\.m2\repository\com\googlecode\lambdaj\lambdaj\2.3.3\lambdaj-2.3.3.jar;C:\Users\mvssr\.m2\repository\org\objenesis\objenesis\1.2\objenesis-1.2.jar;C:\Users\mvssr\.m2\repository\cglib\cglib-nodep\2.2\cglib-nodep-2.2.jar;"/>
    <property name="sun.cpu.endian" value="little"/>
    <property name="user.home" value="C:\Users\mvssr"/>
    <property name="user.language" value="en"/>
    <property name="java.specification.vendor" value="Oracle Corporation"/>
    <property name="java.version.date" value="2023-04-18"/>
    <property name="java.home" value="C:\Program Files\Java\jdk-17"/>
    <property name="file.separator" value="\"/>
    <property name="basedir" value="C:\Users\mvssr\LakshimSelenium\AutomationTesting 2 3"/>
    <property name="java.vm.compressedOopsMode" value="Zero based"/>
    <property name="line.separator" value="&#10;"/>
    <property name="java.vm.specification.vendor" value="Oracle Corporation"/>
    <property name="java.specification.name" value="Java Platform API Specification"/>
    <property name="surefire.real.class.path" value="C:\Users\mvssr\AppData\Local\Temp\surefire1380704195767818705\surefirebooter-20231001220452377_3.jar"/>
    <property name="user.script" value=""/>
    <property name="sun.management.compiler" value="HotSpot 64-Bit Tiered Compilers"/>
    <property name="java.runtime.version" value="17.0.7+8-LTS-224"/>
    <property name="user.name" value="mvssr"/>
    <property name="path.separator" value=";"/>
    <property name="os.version" value="10.0"/>
    <property name="java.runtime.name" value="Java(TM) SE Runtime Environment"/>
    <property name="file.encoding" value="Cp1252"/>
    <property name="java.vm.name" value="Java HotSpot(TM) 64-Bit Server VM"/>
    <property name="localRepository" value="C:\Users\mvssr\.m2\repository"/>
    <property name="java.vendor.url.bug" value="https://bugreport.java.com/bugreport/"/>
    <property name="java.io.tmpdir" value="C:\Users\mvssr\AppData\Local\Temp\"/>
    <property name="java.version" value="17.0.7"/>
    <property name="user.dir" value="C:\Users\mvssr\LakshimSelenium\AutomationTesting 2 3"/>
    <property name="os.arch" value="amd64"/>
    <property name="java.vm.specification.name" value="Java Virtual Machine Specification"/>
    <property name="sun.os.patch.level" value=""/>
    <property name="native.encoding" value="Cp1252"/>
    <property name="java.library.path" value="C:\Program Files\Java\jdk-17\bin;C:\windows\Sun\Java\bin;C:\windows\system32;C:\windows;C:\Users\mvssr\Downloads\apache-maven-3.9.4-bin\apache-maven-3.9.4/bin;C:\Program Files\Java\jdk-17/bin;C:\Program Files\Java\jdk-17/bin;C:\Program Files\Common Files\Oracle\Java\javapath;C:\windows\system32;C:\windows;C:\windows\System32\Wbem;C:\windows\System32\WindowsPowerShell\v1.0\;C:\windows\System32\OpenSSH\;C:\Program Files\Java\jdk-17\bin;C:\Program Files\Git\cmd;C:\Users\mvssr\Downloads\apache-maven-3.9.4-bin\apache-maven-3.9.4\bin;C:\Users\mvssr\Downloads\apache-maven-3.9.4-bin\apache-maven-3.9.4\bin;C:\Users\mvssr\AppData\Local\Android\Sdk\platform-tools;C:\Users\mvssr\AppData\Local\Android\Sdk\build-tools;C:\Users\mvssr\AppData\Local\Microsoft\WindowsApps;C:\Users\mvssr\AppData\Local\GitHubDesktop\bin;."/>
    <property name="java.vm.info" value="mixed mode, sharing"/>
    <property name="java.vendor" value="Oracle Corporation"/>
    <property name="java.vm.version" value="17.0.7+8-LTS-224"/>
    <property name="sun.io.unicode.encoding" value="UnicodeLittle"/>
    <property name="java.class.version" value="61.0"/>
  </properties>
  <testcase name="Verify login with credentials" classname="Validate login functionality" time="46.802">
    <system-out><![CDATA[Complete Date is ::01-10-2023 22 04 54
Date is ::01-10-2023
22 04 54
22-04-54
browser directory is directoryNameC:\Users\mvssr\LakshimSelenium\AutomationTesting 2 3/testResults/chrome
dateDirectory directory is directoryNameC:\Users\mvssr\LakshimSelenium\AutomationTesting 2 3/testResults/chrome/01-10-2023
timestamp directory is directoryNameC:\Users\mvssr\LakshimSelenium\AutomationTesting 2 3/testResults/chrome/01-10-2023/22-04-54
screenshot directory is directoryNameC:\Users\mvssr\LakshimSelenium\AutomationTesting 2 3/testResults/chrome/01-10-2023/22-04-54/screenshots
extent report dir directory is directoryNameC:\Users\mvssr\LakshimSelenium\AutomationTesting 2 3/testResults/chrome/01-10-2023/22-04-54/extentreport
log directory is directoryNameC:\Users\mvssr\LakshimSelenium\AutomationTesting 2 3/testResults/chrome/01-10-2023/22-04-54/logs
log file name is ::C:\Users\mvssr\LakshimSelenium\AutomationTesting 2 3/testResults/chrome/01-10-2023/22-04-54/logs/log.log
extentReportC:\Users\mvssr\LakshimSelenium\AutomationTesting 2 3/testResults/chrome/01-10-2023/22-04-54/extentreport/ExtentReport.html
]]></system-out>
    <system-err><![CDATA[log4j:WARN No appenders could be found for logger (com.automation.utils.PropertyUtils).
log4j:WARN Please initialize the log4j system properly.
log4j:WARN See http://logging.apache.org/log4j/1.2/faq.html#noconfig for more info.
Starting ChromeDriver 117.0.5938.92 (67649b10b92bb182fba357831ef7dd6a1baa5648-refs/branch-heads/5938_62@{#14}) on port 54604
Only local connections are allowed.
Please see https://chromedriver.chromium.org/security-considerations for suggestions on keeping ChromeDriver safe.
ChromeDriver was started successfully.
Oct 01, 2023 10:04:57 PM org.openqa.selenium.remote.ProtocolHandshake createSession
INFO: Detected dialect: W3C
]]></system-err>
  </testcase>
</testsuite>